2024-06-09 10:35:32 error: [2024-06-09T01:35:32.426Z] POST /oauth/authorize - "client_id" is required
2024-06-09 10:35:32 error: [2024-06-09T01:35:32.434Z] POST /oauth/authorize - "client_id" is required
2024-06-09 10:36:11 error: [2024-06-09T01:36:11.750Z] POST /oauth/authorize - "client_id" is required
2024-06-09 10:55:07 error: [2024-06-09T01:55:07.328Z] POST /oauth/authorize - "client_id" is required
2024-06-09 10:55:27 error: [2024-06-09T01:55:27.540Z] POST /oauth/authorize - "client_id" is required
2024-06-09 10:56:54 error: [2024-06-09T01:56:54.231Z] POST /oauth/authorize - "client_id" is required
2024-06-09 10:58:37 error: [2024-06-09T01:58:37.628Z] POST /oauth/authorize - "client_id" is required
2024-06-09 10:58:37 error: [2024-06-09T01:58:37.635Z] POST /oauth/authorize - "client_id" is required
2024-06-09 11:01:10 error: [2024-06-09T02:01:10.350Z] POST /oauth/authorize - 아이디 혹은 비밀번호가 일치하지 않습니다.
2024-06-09 11:02:27 error: [2024-06-09T02:02:27.393Z] POST /oauth/authorize - 아이디 혹은 비밀번호가 일치하지 않습니다.
2024-06-09 11:02:33 error: [2024-06-09T02:02:33.199Z] POST /oauth/authorize - 아이디 혹은 비밀번호가 일치하지 않습니다.
2024-06-09 11:03:28 error: [2024-06-09T02:03:28.736Z] POST /oauth/authorize - 아이디 혹은 비밀번호가 일치하지 않습니다.
2024-06-09 11:03:28 error: [2024-06-09T02:03:28.737Z] POST /oauth/authorize - 아이디 혹은 비밀번호가 일치하지 않습니다.
2024-06-09 11:04:20 error: [2024-06-09T02:04:20.886Z] POST /oauth/authorize - 아이디 혹은 비밀번호가 일치하지 않습니다.
2024-06-09 11:04:26 error: [2024-06-09T02:04:26.865Z] POST /oauth/authorize - 아이디 혹은 비밀번호가 일치하지 않습니다.
2024-06-09 11:07:22 error: [2024-06-09T02:07:22.117Z] POST /login - 아이디 혹은 비밀번호가 일치하지 않습니다.
2024-06-09 11:07:22 error: [2024-06-09T02:07:22.118Z] POST /login - 아이디 혹은 비밀번호가 일치하지 않습니다.
2024-06-09 11:08:17 error: [2024-06-09T02:08:17.509Z] POST /login - 아이디 혹은 비밀번호가 일치하지 않습니다.
2024-06-09 11:08:25 error: [2024-06-09T02:08:25.391Z] POST /login - 가입되지 않은 유저입니다.
2024-06-09 11:08:50 error: [2024-06-09T02:08:50.096Z] POST /login - 가입되지 않은 유저입니다.
2024-06-09 11:09:06 error: [2024-06-09T02:09:06.883Z] POST /login - 가입되지 않은 유저입니다.
2024-06-09 11:09:42 error: [2024-06-09T02:09:42.532Z] POST /oauth/authorize - 가입되지 않은 유저입니다.
2024-06-09 11:13:03 error: [2024-06-09T02:13:03.105Z] POST /oauth/authorize - 가입되지 않은 유저입니다.
2024-06-09 11:13:10 error: [2024-06-09T02:13:10.366Z] POST /oauth/authorize - 가입되지 않은 유저입니다.
2024-06-09 11:13:35 error: [2024-06-09T02:13:35.713Z] POST /oauth/authorize - 아이디 혹은 비밀번호가 일치하지 않습니다.
2024-06-09 11:13:41 error: [2024-06-09T02:13:41.466Z] POST /oauth/authorize - 아이디 혹은 비밀번호가 일치하지 않습니다.
2024-06-09 11:13:58 error: [2024-06-09T02:13:58.152Z] POST /oauth/authorize - 아이디 혹은 비밀번호가 일치하지 않습니다.
2024-06-09 14:25:09 error: [2024-06-09T05:25:09.190Z] GET /oauth/authorize?client_id=0bd40a6-cc90-4-smpark&scope=openid&response_type=code&redirect_uri=http%3A%2F%2Flocalhost%3A3000%2Fapi%2Fauth%2Fcallback%2Fsmpark&state=JbqDlspsNRyJdeCdFePI8fz_1-tisrjhsSDsQGhv12A - 등록되지 않은 client_id.
2024-06-09 14:25:32 error: [2024-06-09T05:25:32.543Z] GET /oauth/regapp - OAuth client가 존재하지 않음
2024-06-09 14:27:14 error: [2024-06-09T05:27:14.911Z] GET /oauth/regapp - OAuth client가 존재하지 않음
2024-06-09 14:27:47 error: [2024-06-09T05:27:47.794Z] GET /oauth/regapp - OAuth client가 존재하지 않음
2024-06-09 14:28:59 error: [2024-06-09T05:28:59.821Z] GET /oauth/regapp - OAuth client가 존재하지 않음
2024-06-09 14:30:08 error: [2024-06-09T05:30:08.951Z] GET /oauth/regapp - OAuth client가 존재하지 않음
2024-06-09 14:30:48 error: [2024-06-09T05:30:48.650Z] GET /oauth/regapp - OAuth client가 존재하지 않음
2024-06-09 14:30:52 error: [2024-06-09T05:30:52.086Z] GET /oauth/regapp - OAuth client가 존재하지 않음
2024-06-09 14:32:45 error: [2024-06-09T05:32:45.612Z] GET /oauth/regapp - OAuth client가 존재하지 않음
2024-06-09 14:36:39 error: [2024-06-09T05:36:39.056Z] GET /oauth/regapp - OAuth client가 존재하지 않음
2024-06-09 14:36:46 error: [2024-06-09T05:36:46.386Z] GET /oauth/regapp - OAuth client가 존재하지 않음
2024-06-09 14:37:36 error: [2024-06-09T05:37:36.962Z] GET /oauth/regapp - OAuth client가 존재하지 않음
2024-06-09 14:37:39 error: [2024-06-09T05:37:39.761Z] GET /oauth/regapp - OAuth client가 존재하지 않음
2024-06-09 14:37:52 error: [2024-06-09T05:37:52.662Z] GET /oauth/regapp - OAuth client가 존재하지 않음
2024-06-09 14:38:22 error: [2024-06-09T05:38:22.886Z] GET /oauth/regapp - OAuth client가 존재하지 않음
2024-06-09 14:39:37 error: [2024-06-09T05:39:37.182Z] GET /oauth/regapp - OAuth client가 존재하지 않음
2024-06-09 14:39:39 error: [2024-06-09T05:39:39.883Z] GET /oauth/regapp - OAuth client가 존재하지 않음
2024-06-09 14:40:45 error: [2024-06-09T05:40:45.669Z] GET /oauth/regapp - OAuth client가 존재하지 않음
2024-06-09 14:42:15 error: [2024-06-09T05:42:15.372Z] GET /oauth/regapp - OAuth client가 존재하지 않음
2024-06-09 14:42:22 error: [2024-06-09T05:42:22.574Z] GET /oauth/regapp - OAuth client가 존재하지 않음
2024-06-09 14:43:29 error: [2024-06-09T05:43:29.203Z] GET /oauth/regapp - OAuth client가 존재하지 않음
2024-06-09 14:43:51 error: [2024-06-09T05:43:51.892Z] GET /oauth/regapp - OAuth client가 존재하지 않음
2024-06-09 14:44:08 error: [2024-06-09T05:44:08.567Z] GET /oauth/regapp - OAuth client가 존재하지 않음
2024-06-09 14:44:11 error: [2024-06-09T05:44:11.840Z] GET /oauth/regapp - OAuth client가 존재하지 않음
2024-06-09 14:45:06 error: [2024-06-09T05:45:06.226Z] GET /oauth/regapp - OAuth client가 존재하지 않음
2024-06-09 14:45:21 error: [2024-06-09T05:45:21.460Z] GET /oauth/regapp - OAuth client가 존재하지 않음
2024-06-09 14:45:32 error: [2024-06-09T05:45:32.926Z] GET /oauth/regapp - OAuth client가 존재하지 않음
2024-06-09 14:47:06 error: [2024-06-09T05:47:06.078Z] GET /oauth/regapp - OAuth client가 존재하지 않음
2024-06-09 14:48:27 error: [2024-06-09T05:48:27.742Z] GET /oauth/regapp - OAuth client가 존재하지 않음
2024-06-09 14:48:31 error: [2024-06-09T05:48:31.420Z] GET /oauth/regapp - OAuth client가 존재하지 않음
2024-06-09 14:56:15 error: [2024-06-09T05:56:15.310Z] GET /oauth/regapp - OAuth client가 존재하지 않음
2024-06-09 14:56:58 error: [2024-06-09T05:56:58.377Z] POST /login - 아이디 혹은 비밀번호가 일치하지 않습니다.
2024-06-09 14:57:01 error: [2024-06-09T05:57:01.526Z] POST /login - 아이디 혹은 비밀번호가 일치하지 않습니다.
2024-06-09 14:57:10 error: [2024-06-09T05:57:10.947Z] POST /login - 아이디 혹은 비밀번호가 일치하지 않습니다.
2024-06-09 17:16:40 error: [2024-06-09T08:16:40.551Z] GET /oauth/regapp - OAuth client가 존재하지 않음
2024-06-09 17:17:01 error: [2024-06-09T08:17:01.423Z] GET /oauth/regapp - OAuth client가 존재하지 않음
2024-06-09 17:20:00 error: [2024-06-09T08:20:00.276Z] GET /regapp - 비로그인 접속 시도
2024-06-09 17:20:00 error: [2024-06-09T08:20:00.277Z] GET /oauth/regapp - Failed to lookup view "/Users/smpark/Documents/projects/oauth/src/middleware/routeMiddleware/../views/main/index.pug" in views directory "/Users/smpark/Documents/projects/oauth/src/views"
2024-06-09 18:21:02 error: [2024-06-09T09:21:02.140Z] GET /oauth/authorize?client_id=b83447a-12db-4-smpark&scope=openid&response_type=code&redirect_uri=http%3A%2F%2Flocalhost%3A3000%2Fapi%2Fauth%2Fcallback%2Fsmpark&state=4_5KoNkcm-4befetVy7AL1d3a-LYvSDagSZBsl0SMCQ - 등록되지 않은 client_id.
2024-06-09 18:41:43 error: [2024-06-09T09:41:43.617Z] POST /login - 아이디 혹은 비밀번호가 일치하지 않습니다.
2024-06-09 19:04:14 error: [2024-06-09T10:04:14.385Z] POST /register - 이미 존재하는 아이디입니다.
2024-06-09 19:04:15 error: [2024-06-09T10:04:15.660Z] POST /register - 이미 존재하는 아이디입니다.
2024-06-09 19:04:28 error: [2024-06-09T10:04:28.585Z] POST /register - 이미 존재하는 아이디입니다.
2024-06-09 19:29:54 error: [2024-06-09T10:29:54.342Z] POST /register - 이미 존재하는 아이디입니다.
2024-06-09 19:37:15 error: [2024-06-09T10:37:15.540Z] POST /register - 이미 존재하는 아이디입니다.
2024-06-09 20:19:21 error: [2024-06-09T11:19:21.657Z] GET /oauth/authorize?client_id=3f2be12-420c-4-smpark&scope=openid&response_type=code&redirect_uri=http%3A%2F%2Flocalhost%3A3000%2Fapi%2Fauth%2Fcallback%2Fsmpark&state=-MUDzzKcNp5GcN4sSp_KMQqGvO83Ab62i4YFUjB07Ho - 등록되지 않은 client_id.
